<?xml version="1.0" encoding="UTF-8"?>
<!-- Generated by org.testng.reporters.JUnitReportReporter -->
<testsuite hostname="DESKTOP-A9NLC4L" failures="0" tests="4" name="trelloApiAutomation.ApiRequests" time="9.249" errors="0" timestamp="2023-12-19T17:26:24 IST" skipped="0">
  <testcase classname="trelloApiAutomation.ApiRequests" name="createBoard" time="6.791"/>
  <system-out/>
  <testcase classname="trelloApiAutomation.ApiRequests" name="getRequest" time="0.560"/>
  <system-out/>
  <testcase classname="trelloApiAutomation.ApiRequests" name="putRequest" time="0.502"/>
  <system-out/>
  <testcase classname="trelloApiAutomation.ApiRequests" name="deleteRequest" time="1.396"/>
  <system-out/>
</testsuite> <!-- trelloApiAutomation.ApiRequests -->
