<?xml version="1.0" encoding="UTF-8"?>
<!-- Generated by org.testng.reporters.JUnitReportReporter -->
<testsuite hostname="DESKTOP-A9NLC4L" failures="0" tests="1" name="restassured.DemoApis" time="3.140" errors="0" timestamp="2023-12-18T15:16:01 IST" skipped="0">
  <testcase classname="restassured.DemoApis" name="testRequest" time="3.140"/>
  <system-out/>
</testsuite> <!-- restassured.DemoApis -->
