<?xml version="1.0" encoding="UTF-8"?>
<!-- Generated by org.testng.reporters.JUnitReportReporter -->
<testsuite hostname="DESKTOP-36RDLQI" failures="0" tests="3" name="trelloApiAutomation.ApiRequests" time="7.668" errors="0" timestamp="2024-03-06T16:21:55 IST" skipped="0">
  <testcase classname="trelloApiAutomation.ApiRequests" name="createBoard" time="6.180"/>
  <system-out/>
  <testcase classname="trelloApiAutomation.ApiRequests" name="getRequest" time="0.909"/>
  <system-out/>
  <testcase classname="trelloApiAutomation.ApiRequests" name="putRequest" time="0.579"/>
  <system-out/>
</testsuite> <!-- trelloApiAutomation.ApiRequests -->
