<?xml version="1.0" encoding="UTF-8"?>
<!-- Generated by org.testng.reporters.JUnitReportReporter -->
<testsuite hostname="DESKTOP-36RDLQI" failures="0" tests="1" name="MyTests.HrefLink" time="20.061" errors="0" timestamp="2024-02-05T15:45:38 IST" skipped="0">
  <testcase classname="MyTests.HrefLink" name="testLink" time="20.061"/>
  <system-out/>
</testsuite> <!-- MyTests.HrefLink -->
