<?xml version="1.0" encoding="UTF-8"?>
<!-- Generated by org.testng.reporters.JUnitReportReporter -->
<testsuite hostname="Chethankumar" failures="0" tests="1" name="MyTests.BrokenLinks" time="4.328" errors="0" timestamp="2024-01-24T12:33:03 IST" skipped="0">
  <testcase classname="MyTests.BrokenLinks" name="FetchBrokenLinks" time="4.328"/>
  <system-out/>
</testsuite> <!-- MyTests.BrokenLinks -->
