<?xml version="1.0" encoding="UTF-8"?>
<!-- Generated by org.testng.reporters.JUnitReportReporter -->
<testsuite hostname="DESKTOP-A9NLC4L" failures="0" tests="1" name="MyTests.HomePageTest" time="47.549" errors="0" timestamp="2023-12-27T22:41:12 IST" skipped="0">
  <testcase classname="MyTests.HomePageTest" name="storeDropDownQualificationsValues" time="47.549"/>
  <system-out/>
</testsuite> <!-- MyTests.HomePageTest -->
