<?xml version="1.0" encoding="UTF-8"?>
<!-- Generated by org.testng.reporters.JUnitReportReporter -->
<testsuite hostname="Chethankumar" failures="0" tests="2" name="MyTests.BasicTestNG" time="0.089" errors="0" timestamp="2024-01-16T11:43:53 IST" skipped="0">
  <testcase classname="MyTests.BasicTestNG" name="test1" time="0.081"/>
  <system-out/>
  <testcase classname="MyTests.BasicTestNG" name="test2" time="0.008"/>
  <system-out/>
</testsuite> <!-- MyTests.BasicTestNG -->
