<?xml version="1.0" encoding="UTF-8"?>
<!-- Generated by org.testng.reporters.JUnitReportReporter -->
<testsuite hostname="Chethankumar" failures="0" tests="1" name="MyTests.WIndowHandling" time="36.937" errors="0" timestamp="2024-01-16T10:51:18 IST" skipped="0">
  <testcase classname="MyTests.WIndowHandling" name="Test" time="36.937"/>
  <system-out/>
</testsuite> <!-- MyTests.WIndowHandling -->
