<?xml version="1.0" encoding="UTF-8"?>
<!-- Generated by org.testng.reporters.JUnitReportReporter -->
<testsuite hostname="DESKTOP-A9NLC4L" failures="0" tests="1" name="MyTests.LoginTest" time="58.276" errors="0" timestamp="2023-12-27T14:26:17 IST" skipped="0">
  <testcase classname="MyTests.LoginTest" name="doLogin" time="58.276"/>
  <system-out/>
</testsuite> <!-- MyTests.LoginTest -->
