<?xml version="1.0" encoding="UTF-8"?>
<!-- Generated by org.testng.reporters.JUnitReportReporter -->
<testsuite hostname="Chethankumar" failures="0" tests="1" name="MyTests.Demo" time="38.069" errors="0" timestamp="2024-01-16T09:47:25 IST" skipped="0">
  <testcase classname="MyTests.Demo" name="Test" time="38.069"/>
  <system-out/>
</testsuite> <!-- MyTests.Demo -->
