<?xml version="1.0" encoding="UTF-8"?>
<!-- Generated by org.testng.reporters.JUnitReportReporter -->
<testsuite hostname="DESKTOP-36RDLQI" failures="0" tests="1" name="MyTests.FaceBookDropDown" time="5.223" errors="0" timestamp="2024-02-26T13:45:09 IST" skipped="0">
  <testcase classname="MyTests.FaceBookDropDown" name="fetchDropDowns" time="5.223"/>
  <system-out/>
</testsuite> <!-- MyTests.FaceBookDropDown -->
